
                            < M A T L A B (R) >
                  Copyright 1984-2015 The MathWorks, Inc.
                   R2015a (8.5.0.197613) 64-bit (glnxa64)
                             February 12, 2015

 
To get started, type one of these: helpwin, helpdesk, or demo.
For product information, visit www.mathworks.com.
 

	Academic License


filename =

TRY-r=0.8,mu=0.2,Disorder=0,NX=200,NY=300,NZ=300,DeltaX=0.4,eta=0.0001


nz =

     1


nz =

     2


nz =

     3


nz =

     4


nz =

     5


nz =

     6


nz =

     7


nz =

     8


nz =

     9


nz =

    10


nz =

    11


nz =

    12


nz =

    13


nz =

    14


nz =

    15


nz =

    16


nz =

    17


nz =

    18


nz =

    19


nz =

    20


nz =

    21


nz =

    22


nz =

    23

{Error using eig
EIG did not converge.

Error in Yi_BDG3 (line 34)
[v1,r]=eig(HH);r=diag(r); [r,Id]=sort(r); v1=v1(:,Id);
} 
sed: can't read vars.m: No such file or directory
/home-4/yjiang48@jhu.edu/work/Yi_3D_DOS/DOS_disorder/DOS_disorder_Weyl_SC/Nnodes_2/r_0.8/Disorder0.0
