
                            < M A T L A B (R) >
                  Copyright 1984-2015 The MathWorks, Inc.
                   R2015a (8.5.0.197613) 64-bit (glnxa64)
                             February 12, 2015

 
To get started, type one of these: helpwin, helpdesk, or demo.
For product information, visit www.mathworks.com.
 

	Academic License


filename =

TRY-r=1.05,mu=0.2,Disorder=0.4,NX=100,NY=300,NZ=300,DeltaX=0.04,eta=0.0001


nz =

     1


nz =

     2


nz =

     3


nz =

     4


nz =

     5


nz =

     6


nz =

     7


nz =

     8


nz =

     9


nz =

    10


nz =

    11


nz =

    12


nz =

    13


nz =

    14


nz =

    15


nz =

    16


nz =

    17


nz =

    18


nz =

    19


nz =

    20


nz =

    21


nz =

    22


nz =

    23


nz =

    24


nz =

    25


nz =

    26


nz =

    27


nz =

    28


nz =

    29


nz =

    30


nz =

    31


nz =

    32


nz =

    33


nz =

    34


nz =

    35


nz =

    36


nz =

    37


nz =

    38


nz =

    39


nz =

    40


nz =

    41


nz =

    42


nz =

    43


nz =

    44


nz =

    45


nz =

    46


nz =

    47


nz =

    48


nz =

    49


nz =

    50


nz =

    51


nz =

    52


nz =

    53


nz =

    54


nz =

    55


nz =

    56


nz =

    57


nz =

    58


nz =

    59


nz =

    60


nz =

    61


nz =

    62


nz =

    63


nz =

    64


nz =

    65


nz =

    66


nz =

    67


nz =

    68


nz =

    69


nz =

    70


nz =

    71


nz =

    72


nz =

    73


nz =

    74


nz =

    75


nz =

    76


nz =

    77


nz =

    78


nz =

    79


nz =

    80


nz =

    81


nz =

    82


nz =

    83


nz =

    84


nz =

    85


nz =

    86


nz =

    87


nz =

    88


nz =

    89


nz =

    90


nz =

    91


nz =

    92


nz =

    93


nz =

    94


nz =

    95


nz =

    96


nz =

    97


nz =

    98


nz =

    99


nz =

   100


nz =

   101


nz =

   102


nz =

   103


nz =

   104


nz =

   105


nz =

   106


nz =

   107


nz =

   108


nz =

   109


nz =

   110


nz =

   111


nz =

   112


nz =

   113


nz =

   114


nz =

   115


nz =

   116


nz =

   117


nz =

   118


nz =

   119


nz =

   120


nz =

   121


nz =

   122


nz =

   123


nz =

   124


nz =

   125


nz =

   126


nz =

   127


nz =

   128


nz =

   129


nz =

   130


nz =

   131


nz =

   132


nz =

   133


nz =

   134


nz =

   135


nz =

   136


nz =

   137


nz =

   138


nz =

   139


nz =

   140


nz =

   141


nz =

   142


nz =

   143


nz =

   144


nz =

   145


nz =

   146


nz =

   147


nz =

   148


nz =

   149


nz =

   150


nz =

   151


nz =

   152


nz =

   153


nz =

   154


nz =

   155


nz =

   156


nz =

   157


nz =

   158


nz =

   159


nz =

   160


nz =

   161


nz =

   162


nz =

   163


nz =

   164


nz =

   165


nz =

   166


nz =

   167


nz =

   168


nz =

   169


nz =

   170


nz =

   171


nz =

   172


nz =

   173


nz =

   174


nz =

   175


nz =

   176


nz =

   177


nz =

   178


nz =

   179


nz =

   180


nz =

   181


nz =

   182


nz =

   183


nz =

   184


nz =

   185


nz =

   186


nz =

   187


nz =

   188


nz =

   189


nz =

   190


nz =

   191


nz =

   192


nz =

   193


nz =

   194


nz =

   195


nz =

   196


nz =

   197


nz =

   198


nz =

   199


nz =

   200


nz =

   201


nz =

   202


nz =

   203


nz =

   204


nz =

   205


nz =

   206


nz =

   207


nz =

   208


nz =

   209


nz =

   210


nz =

   211


nz =

   212


nz =

   213


nz =

   214


nz =

   215


nz =

   216


nz =

   217


nz =

   218


nz =

   219


nz =

   220


nz =

   221


nz =

   222


nz =

   223


nz =

   224


nz =

   225


nz =

   226


nz =

   227


nz =

   228


nz =

   229


nz =

   230


nz =

   231


nz =

   232


nz =

   233


nz =

   234


nz =

   235


nz =

   236


nz =

   237


nz =

   238


nz =

   239


nz =

   240


nz =

   241


nz =

   242


nz =

   243


nz =

   244


nz =

   245


nz =

   246


nz =

   247


nz =

   248


nz =

   249


nz =

   250


nz =

   251


nz =

   252


nz =

   253


nz =

   254


nz =

   255


nz =

   256


nz =

   257


nz =

   258


nz =

   259


nz =

   260


nz =

   261


nz =

   262


nz =

   263


nz =

   264


nz =

   265


nz =

   266


nz =

   267


nz =

   268


nz =

   269


nz =

   270


nz =

   271


nz =

   272


nz =

   273


nz =

   274


nz =

   275


nz =

   276


nz =

   277


nz =

   278


nz =

   279


nz =

   280


nz =

   281


nz =

   282


nz =

   283


nz =

   284


nz =

   285


nz =

   286


nz =

   287


nz =

   288


nz =

   289


nz =

   290


nz =

   291


nz =

   292


nz =

   293


nz =

   294


nz =

   295


nz =

   296


nz =

   297


nz =

   298


nz =

   299


nz =

   300


filenamemat =

TRY-r=1.05,mu=0.2,Disorder=0.4,NX=100,NY=300,NZ=300,DeltaX=0.04,eta=0.0001.mat

Elapsed time is 3859.089805 seconds.
sed: can't read vars.m: No such file or directory
/home-4/yjiang48@jhu.edu/work/Yi_3D_DOS/DOS_disorder/DOS_disorder_Weyl_SC/r_1.05/Disorder0.4
